TN:
SF:02-ratelimitter.js
FN:19,countUserRequests
FNF:1
FNH:1
FNDA:13,countUserRequests
DA:1,1
DA:2,1
DA:3,1
DA:4,1
DA:5,1
DA:6,1
DA:7,1
DA:8,1
DA:9,1
DA:10,1
DA:11,1
DA:12,1
DA:13,1
DA:14,1
DA:15,1
DA:16,2
DA:17,1
DA:18,1
DA:19,13
DA:20,13
DA:21,13
DA:22,13
DA:23,13
DA:24,7
DA:25,7
DA:26,13
DA:27,13
DA:28,1
DA:29,1
DA:30,1
DA:31,6
DA:32,1
DA:33,1
DA:34,1
DA:35,0
DA:36,1
DA:37,1
DA:38,1
LF:38
LH:37
BRDA:15,0,0,2
BRDA:19,1,0,13
BRDA:21,2,0,11
BRDA:21,3,0,2
BRDA:23,4,0,7
BRDA:26,5,0,6
BRDA:30,6,0,6
BRF:7
BRH:7
end_of_record
